<?xml version="1.0" encoding="UTF-8"?>
<testsuite xmlns:xsi="http://www.w3.org/2001/XMLSchema-instance" xsi:noNamespaceSchemaLocation="https://maven.apache.org/surefire/maven-failsafe-plugin/xsd/failsafe-test-report.xsd" name="testcases.TestCase33wPO" time="31.142" tests="1" errors="1" skipped="0" failures="0">
  <properties>
    <property name="java.specification.version" value="14"/>
    <property name="webdriver.chrome.driver" value="C:\Users\jose_\Desktop\serenity-junit-starter-master\serenity-junit-starter-master\src\test\resources\drivers\windows\chromedriver.exe"/>
    <property name="sun.cpu.isalist" value="amd64"/>
    <property name="sun.jnu.encoding" value="Cp1252"/>
    <property name="java.class.path" value="C:\Users\jose_\Desktop\serenity-junit-starter-master\serenity-junit-starter-master\target\test-classes;C:\Users\jose_\Desktop\serenity-junit-starter-master\serenity-junit-starter-master\target\serenity-junit-starter-1.0.0-SNAPSHOT.jar;C:\Users\jose_\.m2\repository\info\cukes\cucumber-java\1.2.5\cucumber-java-1.2.5.jar;C:\Users\jose_\.m2\repository\info\cukes\cucumber-core\1.2.5\cucumber-core-1.2.5.jar;C:\Users\jose_\.m2\repository\info\cukes\cucumber-html\0.2.3\cucumber-html-0.2.3.jar;C:\Users\jose_\.m2\repository\info\cukes\cucumber-jvm-deps\1.0.5\cucumber-jvm-deps-1.0.5.jar;C:\Users\jose_\.m2\repository\info\cukes\gherkin\2.12.2\gherkin-2.12.2.jar;C:\Users\jose_\.m2\repository\info\cukes\cucumber-junit\1.2.5\cucumber-junit-1.2.5.jar;C:\Users\jose_\.m2\repository\net\serenity-bdd\serenity-core\2.0.91\serenity-core-2.0.91.jar;C:\Users\jose_\.m2\repository\net\bytebuddy\byte-buddy\1.10.1\byte-buddy-1.10.1.jar;C:\Users\jose_\.m2\repository\net\bytebuddy\byte-buddy-agent\1.10.1\byte-buddy-agent-1.10.1.jar;C:\Users\jose_\.m2\repository\com\google\guava\guava\25.0-jre\guava-25.0-jre.jar;C:\Users\jose_\.m2\repository\com\google\code\findbugs\jsr305\1.3.9\jsr305-1.3.9.jar;C:\Users\jose_\.m2\repository\org\checkerframework\checker-compat-qual\2.0.0\checker-compat-qual-2.0.0.jar;C:\Users\jose_\.m2\repository\com\google\errorprone\error_prone_annotations\2.1.3\error_prone_annotations-2.1.3.jar;C:\Users\jose_\.m2\repository\com\google\j2objc\j2objc-annotations\1.1\j2objc-annotations-1.1.jar;C:\Users\jose_\.m2\repository\org\codehaus\mojo\animal-sniffer-annotations\1.14\animal-sniffer-annotations-1.14.jar;C:\Users\jose_\.m2\repository\com\google\inject\guice\4.2.2\guice-4.2.2.jar;C:\Users\jose_\.m2\repository\javax\inject\javax.inject\1\javax.inject-1.jar;C:\Users\jose_\.m2\repository\aopalliance\aopalliance\1.0\aopalliance-1.0.jar;C:\Users\jose_\.m2\repository\org\ow2\asm\asm\7.2\asm-7.2.jar;C:\Users\jose_\.m2\repository\commons-codec\commons-codec\1.10\commons-codec-1.10.jar;C:\Users\jose_\.m2\repository\org\objenesis\objenesis\3.0.1\objenesis-3.0.1.jar;C:\Users\jose_\.m2\repository\org\slf4j\slf4j-api\1.7.26\slf4j-api-1.7.26.jar;C:\Users\jose_\.m2\repository\xml-apis\xml-apis\1.4.01\xml-apis-1.4.01.jar;C:\Users\jose_\.m2\repository\io\cucumber\cucumber-core\2.4.0\cucumber-core-2.4.0.jar;C:\Users\jose_\.m2\repository\io\cucumber\cucumber-jvm-deps\1.0.6\cucumber-jvm-deps-1.0.6.jar;C:\Users\jose_\.m2\repository\io\cucumber\gherkin\5.0.0\gherkin-5.0.0.jar;C:\Users\jose_\.m2\repository\io\cucumber\tag-expressions\1.1.1\tag-expressions-1.1.1.jar;C:\Users\jose_\.m2\repository\commons-logging\commons-logging\1.2\commons-logging-1.2.jar;C:\Users\jose_\.m2\repository\io\vavr\vavr\0.9.0\vavr-0.9.0.jar;C:\Users\jose_\.m2\repository\io\vavr\vavr-match\0.9.0\vavr-match-0.9.0.jar;C:\Users\jose_\.m2\repository\javax\xml\bind\jaxb-api\2.2.12\jaxb-api-2.2.12.jar;C:\Users\jose_\.m2\repository\com\sun\xml\bind\jaxb-core\2.3.0.1\jaxb-core-2.3.0.1.jar;C:\Users\jose_\.m2\repository\com\sun\xml\bind\jaxb-impl\2.3.0.1\jaxb-impl-2.3.0.1.jar;C:\Users\jose_\.m2\repository\javax\activation\activation\1.1.1\activation-1.1.1.jar;C:\Users\jose_\.m2\repository\org\mockito\mockito-core\3.1.0\mockito-core-3.1.0.jar;C:\Users\jose_\.m2\repository\net\serenity-bdd\serenity-report-resources\2.0.91\serenity-report-resources-2.0.91.jar;C:\Users\jose_\.m2\repository\net\serenity-bdd\serenity-model\2.0.91\serenity-model-2.0.91.jar;C:\Users\jose_\.m2\repository\commons-net\commons-net\3.6\commons-net-3.6.jar;C:\Users\jose_\.m2\repository\org\apache\commons\commons-text\1.6\commons-text-1.6.jar;C:\Users\jose_\.m2\repository\es\nitaur\markdown\txtmark\0.16\txtmark-0.16.jar;C:\Users\jose_\.m2\repository\net\serenity-bdd\serenity-reports\2.0.91\serenity-reports-2.0.91.jar;C:\Users\jose_\.m2\repository\net\serenity-bdd\serenity-stats\2.0.91\serenity-stats-2.0.91.jar;C:\Users\jose_\.m2\repository\org\jetbrains\kotlin\kotlin-stdlib\1.3.31\kotlin-stdlib-1.3.31.jar;C:\Users\jose_\.m2\repository\org\jetbrains\kotlin\kotlin-stdlib-common\1.3.31\kotlin-stdlib-common-1.3.31.jar;C:\Users\jose_\.m2\repository\org\jetbrains\annotations\13.0\annotations-13.0.jar;C:\Users\jose_\.m2\repository\com\google\code\gson\gson\2.8.4\gson-2.8.4.jar;C:\Users\jose_\.m2\repository\commons-io\commons-io\2.6\commons-io-2.6.jar;C:\Users\jose_\.m2\repository\org\seleniumhq\selenium\selenium-server\3.141.59\selenium-server-3.141.59.jar;C:\Users\jose_\.m2\repository\org\seleniumhq\selenium\selenium-firefox-driver\3.141.59\selenium-firefox-driver-3.141.59.jar;C:\Users\jose_\.m2\repository\org\seleniumhq\selenium\selenium-ie-driver\3.141.59\selenium-ie-driver-3.141.59.jar;C:\Users\jose_\.m2\repository\com\beust\jcommander\1.72\jcommander-1.72.jar;C:\Users\jose_\.m2\repository\org\apache\commons\commons-exec\1.3\commons-exec-1.3.jar;C:\Users\jose_\.m2\repository\net\jcip\jcip-annotations\1.0\jcip-annotations-1.0.jar;C:\Users\jose_\.m2\repository\org\seleniumhq\selenium\jetty-repacked\9.4.12.v20180830\jetty-repacked-9.4.12.v20180830.jar;C:\Users\jose_\.m2\repository\com\squareup\okhttp3\okhttp\3.11.0\okhttp-3.11.0.jar;C:\Users\jose_\.m2\repository\com\squareup\okio\okio\1.14.0\okio-1.14.0.jar;C:\Users\jose_\.m2\repository\javax\servlet\javax.servlet-api\3.1.0\javax.servlet-api-3.1.0.jar;C:\Users\jose_\.m2\repository\org\yaml\snakeyaml\1.19\snakeyaml-1.19.jar;C:\Users\jose_\.m2\repository\org\seleniumhq\selenium\selenium-java\3.141.59\selenium-java-3.141.59.jar;C:\Users\jose_\.m2\repository\org\seleniumhq\selenium\selenium-api\3.141.59\selenium-api-3.141.59.jar;C:\Users\jose_\.m2\repository\org\seleniumhq\selenium\selenium-chrome-driver\3.141.59\selenium-chrome-driver-3.141.59.jar;C:\Users\jose_\.m2\repository\org\seleniumhq\selenium\selenium-edge-driver\3.141.59\selenium-edge-driver-3.141.59.jar;C:\Users\jose_\.m2\repository\org\seleniumhq\selenium\selenium-remote-driver\3.141.59\selenium-remote-driver-3.141.59.jar;C:\Users\jose_\.m2\repository\org\seleniumhq\selenium\selenium-safari-driver\3.141.59\selenium-safari-driver-3.141.59.jar;C:\Users\jose_\.m2\repository\org\seleniumhq\selenium\selenium-opera-driver\3.141.59\selenium-opera-driver-3.141.59.jar;C:\Users\jose_\.m2\repository\org\seleniumhq\selenium\selenium-support\3.141.59\selenium-support-3.141.59.jar;C:\Users\jose_\.m2\repository\com\paulhammant\ngwebdriver\1.1.4\ngwebdriver-1.1.4.jar;C:\Users\jose_\.m2\repository\com\codeborne\phantomjsdriver\1.4.4\phantomjsdriver-1.4.4.jar;C:\Users\jose_\.m2\repository\org\seleniumhq\selenium\htmlunit-driver\2.36.0\htmlunit-driver-2.36.0.jar;C:\Users\jose_\.m2\repository\io\appium\java-client\7.3.0\java-client-7.3.0.jar;C:\Users\jose_\.m2\repository\commons-validator\commons-validator\1.6\commons-validator-1.6.jar;C:\Users\jose_\.m2\repository\commons-beanutils\commons-beanutils\1.9.2\commons-beanutils-1.9.2.jar;C:\Users\jose_\.m2\repository\commons-digester\commons-digester\1.8.1\commons-digester-1.8.1.jar;C:\Users\jose_\.m2\repository\org\aspectj\aspectjweaver\1.9.4\aspectjweaver-1.9.4.jar;C:\Users\jose_\.m2\repository\org\springframework\spring-context-support\5.1.2.RELEASE\spring-context-support-5.1.2.RELEASE.jar;C:\Users\jose_\.m2\repository\org\springframework\spring-beans\5.1.2.RELEASE\spring-beans-5.1.2.RELEASE.jar;C:\Users\jose_\.m2\repository\org\springframework\spring-context\5.1.2.RELEASE\spring-context-5.1.2.RELEASE.jar;C:\Users\jose_\.m2\repository\org\springframework\spring-aop\5.1.2.RELEASE\spring-aop-5.1.2.RELEASE.jar;C:\Users\jose_\.m2\repository\org\springframework\spring-expression\5.1.2.RELEASE\spring-expression-5.1.2.RELEASE.jar;C:\Users\jose_\.m2\repository\org\springframework\spring-core\5.1.2.RELEASE\spring-core-5.1.2.RELEASE.jar;C:\Users\jose_\.m2\repository\org\springframework\spring-jcl\5.1.2.RELEASE\spring-jcl-5.1.2.RELEASE.jar;C:\Users\jose_\.m2\repository\org\codehaus\groovy\groovy\2.5.5\groovy-2.5.5.jar;C:\Users\jose_\.m2\repository\net\sf\opencsv\opencsv\2.0\opencsv-2.0.jar;C:\Users\jose_\.m2\repository\commons-beanutils\commons-beanutils-core\1.8.3\commons-beanutils-core-1.8.3.jar;C:\Users\jose_\.m2\repository\joda-time\joda-time\2.7\joda-time-2.7.jar;C:\Users\jose_\.m2\repository\com\thoughtworks\xstream\xstream\1.4.9\xstream-1.4.9.jar;C:\Users\jose_\.m2\repository\xmlpull\xmlpull\1.1.3.1\xmlpull-1.1.3.1.jar;C:\Users\jose_\.m2\repository\xpp3\xpp3_min\1.1.4c\xpp3_min-1.1.4c.jar;C:\Users\jose_\.m2\repository\org\apache\commons\commons-lang3\3.8.1\commons-lang3-3.8.1.jar;C:\Users\jose_\.m2\repository\commons-collections\commons-collections\3.2.2\commons-collections-3.2.2.jar;C:\Users\jose_\.m2\repository\org\freemarker\freemarker\2.3.28\freemarker-2.3.28.jar;C:\Users\jose_\.m2\repository\net\sourceforge\jexcelapi\jxl\2.6.12\jxl-2.6.12.jar;C:\Users\jose_\.m2\repository\org\hamcrest\hamcrest-core\1.3\hamcrest-core-1.3.jar;C:\Users\jose_\.m2\repository\org\hamcrest\hamcrest-library\1.3\hamcrest-library-1.3.jar;C:\Users\jose_\.m2\repository\net\sourceforge\htmlunit\htmlunit\2.36.0\htmlunit-2.36.0.jar;C:\Users\jose_\.m2\repository\net\sourceforge\htmlunit\htmlunit-core-js\2.36.0\htmlunit-core-js-2.36.0.jar;C:\Users\jose_\.m2\repository\net\sourceforge\htmlunit\neko-htmlunit\2.36.0\neko-htmlunit-2.36.0.jar;C:\Users\jose_\.m2\repository\xerces\xercesImpl\2.12.0\xercesImpl-2.12.0.jar;C:\Users\jose_\.m2\repository\net\sourceforge\htmlunit\htmlunit-cssparser\1.5.0\htmlunit-cssparser-1.5.0.jar;C:\Users\jose_\.m2\repository\org\brotli\dec\0.1.2\dec-0.1.2.jar;C:\Users\jose_\.m2\repository\org\eclipse\jetty\websocket\websocket-client\9.4.20.v20190813\websocket-client-9.4.20.v20190813.jar;C:\Users\jose_\.m2\repository\org\eclipse\jetty\jetty-client\9.4.20.v20190813\jetty-client-9.4.20.v20190813.jar;C:\Users\jose_\.m2\repository\org\eclipse\jetty\jetty-http\9.4.20.v20190813\jetty-http-9.4.20.v20190813.jar;C:\Users\jose_\.m2\repository\org\eclipse\jetty\jetty-xml\9.4.20.v20190813\jetty-xml-9.4.20.v20190813.jar;C:\Users\jose_\.m2\repository\org\eclipse\jetty\jetty-util\9.4.20.v20190813\jetty-util-9.4.20.v20190813.jar;C:\Users\jose_\.m2\repository\org\eclipse\jetty\jetty-io\9.4.20.v20190813\jetty-io-9.4.20.v20190813.jar;C:\Users\jose_\.m2\repository\org\eclipse\jetty\websocket\websocket-common\9.4.20.v20190813\websocket-common-9.4.20.v20190813.jar;C:\Users\jose_\.m2\repository\org\eclipse\jetty\websocket\websocket-api\9.4.20.v20190813\websocket-api-9.4.20.v20190813.jar;C:\Users\jose_\.m2\repository\org\apache\httpcomponents\httpclient\4.5.5\httpclient-4.5.5.jar;C:\Users\jose_\.m2\repository\org\apache\httpcomponents\httpcore\4.4.9\httpcore-4.4.9.jar;C:\Users\jose_\.m2\repository\org\apache\httpcomponents\httpmime\4.5.5\httpmime-4.5.5.jar;C:\Users\jose_\.m2\repository\org\fluentlenium\fluentlenium-core\0.10.2\fluentlenium-core-0.10.2.jar;C:\Users\jose_\.m2\repository\com\jhlabs\filters\2.0.235\filters-2.0.235.jar;C:\Users\jose_\.m2\repository\org\asciidoctor\asciidoctorj\1.5.6\asciidoctorj-1.5.6.jar;C:\Users\jose_\.m2\repository\org\jruby\jruby-complete\1.7.26\jruby-complete-1.7.26.jar;C:\Users\jose_\.m2\repository\org\imgscalr\imgscalr-lib\4.2\imgscalr-lib-4.2.jar;C:\Users\jose_\.m2\repository\javax\el\javax.el-api\2.2.4\javax.el-api-2.2.4.jar;C:\Users\jose_\.m2\repository\org\glassfish\web\javax.el\2.2.4\javax.el-2.2.4.jar;C:\Users\jose_\.m2\repository\xalan\xalan\2.7.2\xalan-2.7.2.jar;C:\Users\jose_\.m2\repository\xalan\serializer\2.7.2\serializer-2.7.2.jar;C:\Users\jose_\.m2\repository\org\awaitility\awaitility\4.0.1\awaitility-4.0.1.jar;C:\Users\jose_\.m2\repository\org\hamcrest\hamcrest\2.1\hamcrest-2.1.jar;C:\Users\jose_\.m2\repository\com\typesafe\config\1.3.1\config-1.3.1.jar;C:\Users\jose_\.m2\repository\org\jsoup\jsoup\1.10.3\jsoup-1.10.3.jar;C:\Users\jose_\.m2\repository\com\google\jimfs\jimfs\1.1\jimfs-1.1.jar;C:\Users\jose_\.m2\repository\com\vladsch\flexmark\flexmark-all\0.34.30\flexmark-all-0.34.30.jar;C:\Users\jose_\.m2\repository\com\vladsch\flexmark\flexmark\0.34.30\flexmark-0.34.30.jar;C:\Users\jose_\.m2\repository\com\vladsch\flexmark\flexmark-ext-abbreviation\0.34.30\flexmark-ext-abbreviation-0.34.30.jar;C:\Users\jose_\.m2\repository\com\vladsch\flexmark\flexmark-ext-admonition\0.34.30\flexmark-ext-admonition-0.34.30.jar;C:\Users\jose_\.m2\repository\com\vladsch\flexmark\flexmark-ext-anchorlink\0.34.30\flexmark-ext-anchorlink-0.34.30.jar;C:\Users\jose_\.m2\repository\com\vladsch\flexmark\flexmark-ext-aside\0.34.30\flexmark-ext-aside-0.34.30.jar;C:\Users\jose_\.m2\repository\com\vladsch\flexmark\flexmark-ext-attributes\0.34.30\flexmark-ext-attributes-0.34.30.jar;C:\Users\jose_\.m2\repository\com\vladsch\flexmark\flexmark-ext-autolink\0.34.30\flexmark-ext-autolink-0.34.30.jar;C:\Users\jose_\.m2\repository\org\nibor\autolink\autolink\0.6.0\autolink-0.6.0.jar;C:\Users\jose_\.m2\repository\com\vladsch\flexmark\flexmark-ext-definition\0.34.30\flexmark-ext-definition-0.34.30.jar;C:\Users\jose_\.m2\repository\com\vladsch\flexmark\flexmark-ext-emoji\0.34.30\flexmark-ext-emoji-0.34.30.jar;C:\Users\jose_\.m2\repository\com\vladsch\flexmark\flexmark-ext-enumerated-reference\0.34.30\flexmark-ext-enumerated-reference-0.34.30.jar;C:\Users\jose_\.m2\repository\com\vladsch\flexmark\flexmark-ext-escaped-character\0.34.30\flexmark-ext-escaped-character-0.34.30.jar;C:\Users\jose_\.m2\repository\com\vladsch\flexmark\flexmark-ext-footnotes\0.34.30\flexmark-ext-footnotes-0.34.30.jar;C:\Users\jose_\.m2\repository\com\vladsch\flexmark\flexmark-ext-gfm-issues\0.34.30\flexmark-ext-gfm-issues-0.34.30.jar;C:\Users\jose_\.m2\repository\com\vladsch\flexmark\flexmark-ext-gfm-strikethrough\0.34.30\flexmark-ext-gfm-strikethrough-0.34.30.jar;C:\Users\jose_\.m2\repository\com\vladsch\flexmark\flexmark-ext-gfm-tables\0.34.30\flexmark-ext-gfm-tables-0.34.30.jar;C:\Users\jose_\.m2\repository\com\vladsch\flexmark\flexmark-ext-gfm-tasklist\0.34.30\flexmark-ext-gfm-tasklist-0.34.30.jar;C:\Users\jose_\.m2\repository\com\vladsch\flexmark\flexmark-ext-gfm-users\0.34.30\flexmark-ext-gfm-users-0.34.30.jar;C:\Users\jose_\.m2\repository\com\vladsch\flexmark\flexmark-ext-gitlab\0.34.30\flexmark-ext-gitlab-0.34.30.jar;C:\Users\jose_\.m2\repository\com\vladsch\flexmark\flexmark-ext-jekyll-front-matter\0.34.30\flexmark-ext-jekyll-front-matter-0.34.30.jar;C:\Users\jose_\.m2\repository\com\vladsch\flexmark\flexmark-ext-jekyll-tag\0.34.30\flexmark-ext-jekyll-tag-0.34.30.jar;C:\Users\jose_\.m2\repository\com\vladsch\flexmark\flexmark-ext-media-tags\0.34.30\flexmark-ext-media-tags-0.34.30.jar;C:\Users\jose_\.m2\repository\com\vladsch\flexmark\flexmark-test-util\0.34.30\flexmark-test-util-0.34.30.jar;C:\Users\jose_\.m2\repository\com\vladsch\flexmark\flexmark-ext-ins\0.34.30\flexmark-ext-ins-0.34.30.jar;C:\Users\jose_\.m2\repository\com\vladsch\flexmark\flexmark-ext-xwiki-macros\0.34.30\flexmark-ext-xwiki-macros-0.34.30.jar;C:\Users\jose_\.m2\repository\com\vladsch\flexmark\flexmark-ext-superscript\0.34.30\flexmark-ext-superscript-0.34.30.jar;C:\Users\jose_\.m2\repository\com\vladsch\flexmark\flexmark-ext-tables\0.34.30\flexmark-ext-tables-0.34.30.jar;C:\Users\jose_\.m2\repository\com\vladsch\flexmark\flexmark-ext-toc\0.34.30\flexmark-ext-toc-0.34.30.jar;C:\Users\jose_\.m2\repository\com\vladsch\flexmark\flexmark-ext-typographic\0.34.30\flexmark-ext-typographic-0.34.30.jar;C:\Users\jose_\.m2\repository\com\vladsch\flexmark\flexmark-ext-wikilink\0.34.30\flexmark-ext-wikilink-0.34.30.jar;C:\Users\jose_\.m2\repository\com\vladsch\flexmark\flexmark-ext-yaml-front-matter\0.34.30\flexmark-ext-yaml-front-matter-0.34.30.jar;C:\Users\jose_\.m2\repository\com\vladsch\flexmark\flexmark-ext-youtube-embedded\0.34.30\flexmark-ext-youtube-embedded-0.34.30.jar;C:\Users\jose_\.m2\repository\com\vladsch\flexmark\flexmark-formatter\0.34.30\flexmark-formatter-0.34.30.jar;C:\Users\jose_\.m2\repository\com\vladsch\flexmark\flexmark-html-parser\0.34.30\flexmark-html-parser-0.34.30.jar;C:\Users\jose_\.m2\repository\com\vladsch\flexmark\flexmark-jira-converter\0.34.30\flexmark-jira-converter-0.34.30.jar;C:\Users\jose_\.m2\repository\com\vladsch\flexmark\flexmark-pdf-converter\0.34.30\flexmark-pdf-converter-0.34.30.jar;C:\Users\jose_\.m2\repository\com\openhtmltopdf\openhtmltopdf-core\0.0.1-RC13\openhtmltopdf-core-0.0.1-RC13.jar;C:\Users\jose_\.m2\repository\com\openhtmltopdf\openhtmltopdf-pdfbox\0.0.1-RC13\openhtmltopdf-pdfbox-0.0.1-RC13.jar;C:\Users\jose_\.m2\repository\org\apache\pdfbox\pdfbox\2.0.8\pdfbox-2.0.8.jar;C:\Users\jose_\.m2\repository\org\apache\pdfbox\fontbox\2.0.8\fontbox-2.0.8.jar;C:\Users\jose_\.m2\repository\org\apache\pdfbox\xmpbox\2.0.8\xmpbox-2.0.8.jar;C:\Users\jose_\.m2\repository\de\rototor\pdfbox\graphics2d\0.12\graphics2d-0.12.jar;C:\Users\jose_\.m2\repository\com\openhtmltopdf\openhtmltopdf-rtl-support\0.0.1-RC13\openhtmltopdf-rtl-support-0.0.1-RC13.jar;C:\Users\jose_\.m2\repository\com\ibm\icu\icu4j\59.1\icu4j-59.1.jar;C:\Users\jose_\.m2\repository\com\openhtmltopdf\openhtmltopdf-jsoup-dom-converter\0.0.1-RC13\openhtmltopdf-jsoup-dom-converter-0.0.1-RC13.jar;C:\Users\jose_\.m2\repository\com\vladsch\flexmark\flexmark-profile-pegdown\0.34.30\flexmark-profile-pegdown-0.34.30.jar;C:\Users\jose_\.m2\repository\com\vladsch\flexmark\flexmark-util\0.34.30\flexmark-util-0.34.30.jar;C:\Users\jose_\.m2\repository\com\vladsch\flexmark\flexmark-youtrack-converter\0.34.30\flexmark-youtrack-converter-0.34.30.jar;C:\Users\jose_\.m2\repository\net\serenity-bdd\serenity-junit\2.0.91\serenity-junit-2.0.91.jar;C:\Users\jose_\.m2\repository\ch\qos\logback\logback-classic\1.0.13\logback-classic-1.0.13.jar;C:\Users\jose_\.m2\repository\ch\qos\logback\logback-core\1.0.13\logback-core-1.0.13.jar;C:\Users\jose_\.m2\repository\junit\junit\4.12\junit-4.12.jar;C:\Users\jose_\.m2\repository\org\assertj\assertj-core\3.6.2\assertj-core-3.6.2.jar;C:\Users\jose_\.m2\repository\org\hamcrest\hamcrest-all\1.3\hamcrest-all-1.3.jar;"/>
    <property name="java.vm.vendor" value="Oracle Corporation"/>
    <property name="sun.arch.data.model" value="64"/>
    <property name="user.variant" value=""/>
    <property name="java.vendor.url" value="https://java.oracle.com/"/>
    <property name="user.timezone" value="America/Lima"/>
    <property name="os.name" value="Windows 10"/>
    <property name="java.vm.specification.version" value="14"/>
    <property name="sun.java.launcher" value="SUN_STANDARD"/>
    <property name="user.country" value="PE"/>
    <property name="sun.boot.library.path" value="C:\Program Files\Java\jdk-14.0.1\bin"/>
    <property name="sun.java.command" value="C:\Users\jose_\AppData\Local\Temp\surefire1165050625668311344\surefirebooter15156705644441919026.jar C:\Users\jose_\AppData\Local\Temp\surefire1165050625668311344 2020-05-03T22-54-22_881-jvmRun2 surefire1631930365463277190tmp surefire_29338691040122204409tmp"/>
    <property name="jdk.debug" value="release"/>
    <property name="surefire.test.class.path" value="C:\Users\jose_\Desktop\serenity-junit-starter-master\serenity-junit-starter-master\target\test-classes;C:\Users\jose_\Desktop\serenity-junit-starter-master\serenity-junit-starter-master\target\serenity-junit-starter-1.0.0-SNAPSHOT.jar;C:\Users\jose_\.m2\repository\info\cukes\cucumber-java\1.2.5\cucumber-java-1.2.5.jar;C:\Users\jose_\.m2\repository\info\cukes\cucumber-core\1.2.5\cucumber-core-1.2.5.jar;C:\Users\jose_\.m2\repository\info\cukes\cucumber-html\0.2.3\cucumber-html-0.2.3.jar;C:\Users\jose_\.m2\repository\info\cukes\cucumber-jvm-deps\1.0.5\cucumber-jvm-deps-1.0.5.jar;C:\Users\jose_\.m2\repository\info\cukes\gherkin\2.12.2\gherkin-2.12.2.jar;C:\Users\jose_\.m2\repository\info\cukes\cucumber-junit\1.2.5\cucumber-junit-1.2.5.jar;C:\Users\jose_\.m2\repository\net\serenity-bdd\serenity-core\2.0.91\serenity-core-2.0.91.jar;C:\Users\jose_\.m2\repository\net\bytebuddy\byte-buddy\1.10.1\byte-buddy-1.10.1.jar;C:\Users\jose_\.m2\repository\net\bytebuddy\byte-buddy-agent\1.10.1\byte-buddy-agent-1.10.1.jar;C:\Users\jose_\.m2\repository\com\google\guava\guava\25.0-jre\guava-25.0-jre.jar;C:\Users\jose_\.m2\repository\com\google\code\findbugs\jsr305\1.3.9\jsr305-1.3.9.jar;C:\Users\jose_\.m2\repository\org\checkerframework\checker-compat-qual\2.0.0\checker-compat-qual-2.0.0.jar;C:\Users\jose_\.m2\repository\com\google\errorprone\error_prone_annotations\2.1.3\error_prone_annotations-2.1.3.jar;C:\Users\jose_\.m2\repository\com\google\j2objc\j2objc-annotations\1.1\j2objc-annotations-1.1.jar;C:\Users\jose_\.m2\repository\org\codehaus\mojo\animal-sniffer-annotations\1.14\animal-sniffer-annotations-1.14.jar;C:\Users\jose_\.m2\repository\com\google\inject\guice\4.2.2\guice-4.2.2.jar;C:\Users\jose_\.m2\repository\javax\inject\javax.inject\1\javax.inject-1.jar;C:\Users\jose_\.m2\repository\aopalliance\aopalliance\1.0\aopalliance-1.0.jar;C:\Users\jose_\.m2\repository\org\ow2\asm\asm\7.2\asm-7.2.jar;C:\Users\jose_\.m2\repository\commons-codec\commons-codec\1.10\commons-codec-1.10.jar;C:\Users\jose_\.m2\repository\org\objenesis\objenesis\3.0.1\objenesis-3.0.1.jar;C:\Users\jose_\.m2\repository\org\slf4j\slf4j-api\1.7.26\slf4j-api-1.7.26.jar;C:\Users\jose_\.m2\repository\xml-apis\xml-apis\1.4.01\xml-apis-1.4.01.jar;C:\Users\jose_\.m2\repository\io\cucumber\cucumber-core\2.4.0\cucumber-core-2.4.0.jar;C:\Users\jose_\.m2\repository\io\cucumber\cucumber-jvm-deps\1.0.6\cucumber-jvm-deps-1.0.6.jar;C:\Users\jose_\.m2\repository\io\cucumber\gherkin\5.0.0\gherkin-5.0.0.jar;C:\Users\jose_\.m2\repository\io\cucumber\tag-expressions\1.1.1\tag-expressions-1.1.1.jar;C:\Users\jose_\.m2\repository\commons-logging\commons-logging\1.2\commons-logging-1.2.jar;C:\Users\jose_\.m2\repository\io\vavr\vavr\0.9.0\vavr-0.9.0.jar;C:\Users\jose_\.m2\repository\io\vavr\vavr-match\0.9.0\vavr-match-0.9.0.jar;C:\Users\jose_\.m2\repository\javax\xml\bind\jaxb-api\2.2.12\jaxb-api-2.2.12.jar;C:\Users\jose_\.m2\repository\com\sun\xml\bind\jaxb-core\2.3.0.1\jaxb-core-2.3.0.1.jar;C:\Users\jose_\.m2\repository\com\sun\xml\bind\jaxb-impl\2.3.0.1\jaxb-impl-2.3.0.1.jar;C:\Users\jose_\.m2\repository\javax\activation\activation\1.1.1\activation-1.1.1.jar;C:\Users\jose_\.m2\repository\org\mockito\mockito-core\3.1.0\mockito-core-3.1.0.jar;C:\Users\jose_\.m2\repository\net\serenity-bdd\serenity-report-resources\2.0.91\serenity-report-resources-2.0.91.jar;C:\Users\jose_\.m2\repository\net\serenity-bdd\serenity-model\2.0.91\serenity-model-2.0.91.jar;C:\Users\jose_\.m2\repository\commons-net\commons-net\3.6\commons-net-3.6.jar;C:\Users\jose_\.m2\repository\org\apache\commons\commons-text\1.6\commons-text-1.6.jar;C:\Users\jose_\.m2\repository\es\nitaur\markdown\txtmark\0.16\txtmark-0.16.jar;C:\Users\jose_\.m2\repository\net\serenity-bdd\serenity-reports\2.0.91\serenity-reports-2.0.91.jar;C:\Users\jose_\.m2\repository\net\serenity-bdd\serenity-stats\2.0.91\serenity-stats-2.0.91.jar;C:\Users\jose_\.m2\repository\org\jetbrains\kotlin\kotlin-stdlib\1.3.31\kotlin-stdlib-1.3.31.jar;C:\Users\jose_\.m2\repository\org\jetbrains\kotlin\kotlin-stdlib-common\1.3.31\kotlin-stdlib-common-1.3.31.jar;C:\Users\jose_\.m2\repository\org\jetbrains\annotations\13.0\annotations-13.0.jar;C:\Users\jose_\.m2\repository\com\google\code\gson\gson\2.8.4\gson-2.8.4.jar;C:\Users\jose_\.m2\repository\commons-io\commons-io\2.6\commons-io-2.6.jar;C:\Users\jose_\.m2\repository\org\seleniumhq\selenium\selenium-server\3.141.59\selenium-server-3.141.59.jar;C:\Users\jose_\.m2\repository\org\seleniumhq\selenium\selenium-firefox-driver\3.141.59\selenium-firefox-driver-3.141.59.jar;C:\Users\jose_\.m2\repository\org\seleniumhq\selenium\selenium-ie-driver\3.141.59\selenium-ie-driver-3.141.59.jar;C:\Users\jose_\.m2\repository\com\beust\jcommander\1.72\jcommander-1.72.jar;C:\Users\jose_\.m2\repository\org\apache\commons\commons-exec\1.3\commons-exec-1.3.jar;C:\Users\jose_\.m2\repository\net\jcip\jcip-annotations\1.0\jcip-annotations-1.0.jar;C:\Users\jose_\.m2\repository\org\seleniumhq\selenium\jetty-repacked\9.4.12.v20180830\jetty-repacked-9.4.12.v20180830.jar;C:\Users\jose_\.m2\repository\com\squareup\okhttp3\okhttp\3.11.0\okhttp-3.11.0.jar;C:\Users\jose_\.m2\repository\com\squareup\okio\okio\1.14.0\okio-1.14.0.jar;C:\Users\jose_\.m2\repository\javax\servlet\javax.servlet-api\3.1.0\javax.servlet-api-3.1.0.jar;C:\Users\jose_\.m2\repository\org\yaml\snakeyaml\1.19\snakeyaml-1.19.jar;C:\Users\jose_\.m2\repository\org\seleniumhq\selenium\selenium-java\3.141.59\selenium-java-3.141.59.jar;C:\Users\jose_\.m2\repository\org\seleniumhq\selenium\selenium-api\3.141.59\selenium-api-3.141.59.jar;C:\Users\jose_\.m2\repository\org\seleniumhq\selenium\selenium-chrome-driver\3.141.59\selenium-chrome-driver-3.141.59.jar;C:\Users\jose_\.m2\repository\org\seleniumhq\selenium\selenium-edge-driver\3.141.59\selenium-edge-driver-3.141.59.jar;C:\Users\jose_\.m2\repository\org\seleniumhq\selenium\selenium-remote-driver\3.141.59\selenium-remote-driver-3.141.59.jar;C:\Users\jose_\.m2\repository\org\seleniumhq\selenium\selenium-safari-driver\3.141.59\selenium-safari-driver-3.141.59.jar;C:\Users\jose_\.m2\repository\org\seleniumhq\selenium\selenium-opera-driver\3.141.59\selenium-opera-driver-3.141.59.jar;C:\Users\jose_\.m2\repository\org\seleniumhq\selenium\selenium-support\3.141.59\selenium-support-3.141.59.jar;C:\Users\jose_\.m2\repository\com\paulhammant\ngwebdriver\1.1.4\ngwebdriver-1.1.4.jar;C:\Users\jose_\.m2\repository\com\codeborne\phantomjsdriver\1.4.4\phantomjsdriver-1.4.4.jar;C:\Users\jose_\.m2\repository\org\seleniumhq\selenium\htmlunit-driver\2.36.0\htmlunit-driver-2.36.0.jar;C:\Users\jose_\.m2\repository\io\appium\java-client\7.3.0\java-client-7.3.0.jar;C:\Users\jose_\.m2\repository\commons-validator\commons-validator\1.6\commons-validator-1.6.jar;C:\Users\jose_\.m2\repository\commons-beanutils\commons-beanutils\1.9.2\commons-beanutils-1.9.2.jar;C:\Users\jose_\.m2\repository\commons-digester\commons-digester\1.8.1\commons-digester-1.8.1.jar;C:\Users\jose_\.m2\repository\org\aspectj\aspectjweaver\1.9.4\aspectjweaver-1.9.4.jar;C:\Users\jose_\.m2\repository\org\springframework\spring-context-support\5.1.2.RELEASE\spring-context-support-5.1.2.RELEASE.jar;C:\Users\jose_\.m2\repository\org\springframework\spring-beans\5.1.2.RELEASE\spring-beans-5.1.2.RELEASE.jar;C:\Users\jose_\.m2\repository\org\springframework\spring-context\5.1.2.RELEASE\spring-context-5.1.2.RELEASE.jar;C:\Users\jose_\.m2\repository\org\springframework\spring-aop\5.1.2.RELEASE\spring-aop-5.1.2.RELEASE.jar;C:\Users\jose_\.m2\repository\org\springframework\spring-expression\5.1.2.RELEASE\spring-expression-5.1.2.RELEASE.jar;C:\Users\jose_\.m2\repository\org\springframework\spring-core\5.1.2.RELEASE\spring-core-5.1.2.RELEASE.jar;C:\Users\jose_\.m2\repository\org\springframework\spring-jcl\5.1.2.RELEASE\spring-jcl-5.1.2.RELEASE.jar;C:\Users\jose_\.m2\repository\org\codehaus\groovy\groovy\2.5.5\groovy-2.5.5.jar;C:\Users\jose_\.m2\repository\net\sf\opencsv\opencsv\2.0\opencsv-2.0.jar;C:\Users\jose_\.m2\repository\commons-beanutils\commons-beanutils-core\1.8.3\commons-beanutils-core-1.8.3.jar;C:\Users\jose_\.m2\repository\joda-time\joda-time\2.7\joda-time-2.7.jar;C:\Users\jose_\.m2\repository\com\thoughtworks\xstream\xstream\1.4.9\xstream-1.4.9.jar;C:\Users\jose_\.m2\repository\xmlpull\xmlpull\1.1.3.1\xmlpull-1.1.3.1.jar;C:\Users\jose_\.m2\repository\xpp3\xpp3_min\1.1.4c\xpp3_min-1.1.4c.jar;C:\Users\jose_\.m2\repository\org\apache\commons\commons-lang3\3.8.1\commons-lang3-3.8.1.jar;C:\Users\jose_\.m2\repository\commons-collections\commons-collections\3.2.2\commons-collections-3.2.2.jar;C:\Users\jose_\.m2\repository\org\freemarker\freemarker\2.3.28\freemarker-2.3.28.jar;C:\Users\jose_\.m2\repository\net\sourceforge\jexcelapi\jxl\2.6.12\jxl-2.6.12.jar;C:\Users\jose_\.m2\repository\org\hamcrest\hamcrest-core\1.3\hamcrest-core-1.3.jar;C:\Users\jose_\.m2\repository\org\hamcrest\hamcrest-library\1.3\hamcrest-library-1.3.jar;C:\Users\jose_\.m2\repository\net\sourceforge\htmlunit\htmlunit\2.36.0\htmlunit-2.36.0.jar;C:\Users\jose_\.m2\repository\net\sourceforge\htmlunit\htmlunit-core-js\2.36.0\htmlunit-core-js-2.36.0.jar;C:\Users\jose_\.m2\repository\net\sourceforge\htmlunit\neko-htmlunit\2.36.0\neko-htmlunit-2.36.0.jar;C:\Users\jose_\.m2\repository\xerces\xercesImpl\2.12.0\xercesImpl-2.12.0.jar;C:\Users\jose_\.m2\repository\net\sourceforge\htmlunit\htmlunit-cssparser\1.5.0\htmlunit-cssparser-1.5.0.jar;C:\Users\jose_\.m2\repository\org\brotli\dec\0.1.2\dec-0.1.2.jar;C:\Users\jose_\.m2\repository\org\eclipse\jetty\websocket\websocket-client\9.4.20.v20190813\websocket-client-9.4.20.v20190813.jar;C:\Users\jose_\.m2\repository\org\eclipse\jetty\jetty-client\9.4.20.v20190813\jetty-client-9.4.20.v20190813.jar;C:\Users\jose_\.m2\repository\org\eclipse\jetty\jetty-http\9.4.20.v20190813\jetty-http-9.4.20.v20190813.jar;C:\Users\jose_\.m2\repository\org\eclipse\jetty\jetty-xml\9.4.20.v20190813\jetty-xml-9.4.20.v20190813.jar;C:\Users\jose_\.m2\repository\org\eclipse\jetty\jetty-util\9.4.20.v20190813\jetty-util-9.4.20.v20190813.jar;C:\Users\jose_\.m2\repository\org\eclipse\jetty\jetty-io\9.4.20.v20190813\jetty-io-9.4.20.v20190813.jar;C:\Users\jose_\.m2\repository\org\eclipse\jetty\websocket\websocket-common\9.4.20.v20190813\websocket-common-9.4.20.v20190813.jar;C:\Users\jose_\.m2\repository\org\eclipse\jetty\websocket\websocket-api\9.4.20.v20190813\websocket-api-9.4.20.v20190813.jar;C:\Users\jose_\.m2\repository\org\apache\httpcomponents\httpclient\4.5.5\httpclient-4.5.5.jar;C:\Users\jose_\.m2\repository\org\apache\httpcomponents\httpcore\4.4.9\httpcore-4.4.9.jar;C:\Users\jose_\.m2\repository\org\apache\httpcomponents\httpmime\4.5.5\httpmime-4.5.5.jar;C:\Users\jose_\.m2\repository\org\fluentlenium\fluentlenium-core\0.10.2\fluentlenium-core-0.10.2.jar;C:\Users\jose_\.m2\repository\com\jhlabs\filters\2.0.235\filters-2.0.235.jar;C:\Users\jose_\.m2\repository\org\asciidoctor\asciidoctorj\1.5.6\asciidoctorj-1.5.6.jar;C:\Users\jose_\.m2\repository\org\jruby\jruby-complete\1.7.26\jruby-complete-1.7.26.jar;C:\Users\jose_\.m2\repository\org\imgscalr\imgscalr-lib\4.2\imgscalr-lib-4.2.jar;C:\Users\jose_\.m2\repository\javax\el\javax.el-api\2.2.4\javax.el-api-2.2.4.jar;C:\Users\jose_\.m2\repository\org\glassfish\web\javax.el\2.2.4\javax.el-2.2.4.jar;C:\Users\jose_\.m2\repository\xalan\xalan\2.7.2\xalan-2.7.2.jar;C:\Users\jose_\.m2\repository\xalan\serializer\2.7.2\serializer-2.7.2.jar;C:\Users\jose_\.m2\repository\org\awaitility\awaitility\4.0.1\awaitility-4.0.1.jar;C:\Users\jose_\.m2\repository\org\hamcrest\hamcrest\2.1\hamcrest-2.1.jar;C:\Users\jose_\.m2\repository\com\typesafe\config\1.3.1\config-1.3.1.jar;C:\Users\jose_\.m2\repository\org\jsoup\jsoup\1.10.3\jsoup-1.10.3.jar;C:\Users\jose_\.m2\repository\com\google\jimfs\jimfs\1.1\jimfs-1.1.jar;C:\Users\jose_\.m2\repository\com\vladsch\flexmark\flexmark-all\0.34.30\flexmark-all-0.34.30.jar;C:\Users\jose_\.m2\repository\com\vladsch\flexmark\flexmark\0.34.30\flexmark-0.34.30.jar;C:\Users\jose_\.m2\repository\com\vladsch\flexmark\flexmark-ext-abbreviation\0.34.30\flexmark-ext-abbreviation-0.34.30.jar;C:\Users\jose_\.m2\repository\com\vladsch\flexmark\flexmark-ext-admonition\0.34.30\flexmark-ext-admonition-0.34.30.jar;C:\Users\jose_\.m2\repository\com\vladsch\flexmark\flexmark-ext-anchorlink\0.34.30\flexmark-ext-anchorlink-0.34.30.jar;C:\Users\jose_\.m2\repository\com\vladsch\flexmark\flexmark-ext-aside\0.34.30\flexmark-ext-aside-0.34.30.jar;C:\Users\jose_\.m2\repository\com\vladsch\flexmark\flexmark-ext-attributes\0.34.30\flexmark-ext-attributes-0.34.30.jar;C:\Users\jose_\.m2\repository\com\vladsch\flexmark\flexmark-ext-autolink\0.34.30\flexmark-ext-autolink-0.34.30.jar;C:\Users\jose_\.m2\repository\org\nibor\autolink\autolink\0.6.0\autolink-0.6.0.jar;C:\Users\jose_\.m2\repository\com\vladsch\flexmark\flexmark-ext-definition\0.34.30\flexmark-ext-definition-0.34.30.jar;C:\Users\jose_\.m2\repository\com\vladsch\flexmark\flexmark-ext-emoji\0.34.30\flexmark-ext-emoji-0.34.30.jar;C:\Users\jose_\.m2\repository\com\vladsch\flexmark\flexmark-ext-enumerated-reference\0.34.30\flexmark-ext-enumerated-reference-0.34.30.jar;C:\Users\jose_\.m2\repository\com\vladsch\flexmark\flexmark-ext-escaped-character\0.34.30\flexmark-ext-escaped-character-0.34.30.jar;C:\Users\jose_\.m2\repository\com\vladsch\flexmark\flexmark-ext-footnotes\0.34.30\flexmark-ext-footnotes-0.34.30.jar;C:\Users\jose_\.m2\repository\com\vladsch\flexmark\flexmark-ext-gfm-issues\0.34.30\flexmark-ext-gfm-issues-0.34.30.jar;C:\Users\jose_\.m2\repository\com\vladsch\flexmark\flexmark-ext-gfm-strikethrough\0.34.30\flexmark-ext-gfm-strikethrough-0.34.30.jar;C:\Users\jose_\.m2\repository\com\vladsch\flexmark\flexmark-ext-gfm-tables\0.34.30\flexmark-ext-gfm-tables-0.34.30.jar;C:\Users\jose_\.m2\repository\com\vladsch\flexmark\flexmark-ext-gfm-tasklist\0.34.30\flexmark-ext-gfm-tasklist-0.34.30.jar;C:\Users\jose_\.m2\repository\com\vladsch\flexmark\flexmark-ext-gfm-users\0.34.30\flexmark-ext-gfm-users-0.34.30.jar;C:\Users\jose_\.m2\repository\com\vladsch\flexmark\flexmark-ext-gitlab\0.34.30\flexmark-ext-gitlab-0.34.30.jar;C:\Users\jose_\.m2\repository\com\vladsch\flexmark\flexmark-ext-jekyll-front-matter\0.34.30\flexmark-ext-jekyll-front-matter-0.34.30.jar;C:\Users\jose_\.m2\repository\com\vladsch\flexmark\flexmark-ext-jekyll-tag\0.34.30\flexmark-ext-jekyll-tag-0.34.30.jar;C:\Users\jose_\.m2\repository\com\vladsch\flexmark\flexmark-ext-media-tags\0.34.30\flexmark-ext-media-tags-0.34.30.jar;C:\Users\jose_\.m2\repository\com\vladsch\flexmark\flexmark-test-util\0.34.30\flexmark-test-util-0.34.30.jar;C:\Users\jose_\.m2\repository\com\vladsch\flexmark\flexmark-ext-ins\0.34.30\flexmark-ext-ins-0.34.30.jar;C:\Users\jose_\.m2\repository\com\vladsch\flexmark\flexmark-ext-xwiki-macros\0.34.30\flexmark-ext-xwiki-macros-0.34.30.jar;C:\Users\jose_\.m2\repository\com\vladsch\flexmark\flexmark-ext-superscript\0.34.30\flexmark-ext-superscript-0.34.30.jar;C:\Users\jose_\.m2\repository\com\vladsch\flexmark\flexmark-ext-tables\0.34.30\flexmark-ext-tables-0.34.30.jar;C:\Users\jose_\.m2\repository\com\vladsch\flexmark\flexmark-ext-toc\0.34.30\flexmark-ext-toc-0.34.30.jar;C:\Users\jose_\.m2\repository\com\vladsch\flexmark\flexmark-ext-typographic\0.34.30\flexmark-ext-typographic-0.34.30.jar;C:\Users\jose_\.m2\repository\com\vladsch\flexmark\flexmark-ext-wikilink\0.34.30\flexmark-ext-wikilink-0.34.30.jar;C:\Users\jose_\.m2\repository\com\vladsch\flexmark\flexmark-ext-yaml-front-matter\0.34.30\flexmark-ext-yaml-front-matter-0.34.30.jar;C:\Users\jose_\.m2\repository\com\vladsch\flexmark\flexmark-ext-youtube-embedded\0.34.30\flexmark-ext-youtube-embedded-0.34.30.jar;C:\Users\jose_\.m2\repository\com\vladsch\flexmark\flexmark-formatter\0.34.30\flexmark-formatter-0.34.30.jar;C:\Users\jose_\.m2\repository\com\vladsch\flexmark\flexmark-html-parser\0.34.30\flexmark-html-parser-0.34.30.jar;C:\Users\jose_\.m2\repository\com\vladsch\flexmark\flexmark-jira-converter\0.34.30\flexmark-jira-converter-0.34.30.jar;C:\Users\jose_\.m2\repository\com\vladsch\flexmark\flexmark-pdf-converter\0.34.30\flexmark-pdf-converter-0.34.30.jar;C:\Users\jose_\.m2\repository\com\openhtmltopdf\openhtmltopdf-core\0.0.1-RC13\openhtmltopdf-core-0.0.1-RC13.jar;C:\Users\jose_\.m2\repository\com\openhtmltopdf\openhtmltopdf-pdfbox\0.0.1-RC13\openhtmltopdf-pdfbox-0.0.1-RC13.jar;C:\Users\jose_\.m2\repository\org\apache\pdfbox\pdfbox\2.0.8\pdfbox-2.0.8.jar;C:\Users\jose_\.m2\repository\org\apache\pdfbox\fontbox\2.0.8\fontbox-2.0.8.jar;C:\Users\jose_\.m2\repository\org\apache\pdfbox\xmpbox\2.0.8\xmpbox-2.0.8.jar;C:\Users\jose_\.m2\repository\de\rototor\pdfbox\graphics2d\0.12\graphics2d-0.12.jar;C:\Users\jose_\.m2\repository\com\openhtmltopdf\openhtmltopdf-rtl-support\0.0.1-RC13\openhtmltopdf-rtl-support-0.0.1-RC13.jar;C:\Users\jose_\.m2\repository\com\ibm\icu\icu4j\59.1\icu4j-59.1.jar;C:\Users\jose_\.m2\repository\com\openhtmltopdf\openhtmltopdf-jsoup-dom-converter\0.0.1-RC13\openhtmltopdf-jsoup-dom-converter-0.0.1-RC13.jar;C:\Users\jose_\.m2\repository\com\vladsch\flexmark\flexmark-profile-pegdown\0.34.30\flexmark-profile-pegdown-0.34.30.jar;C:\Users\jose_\.m2\repository\com\vladsch\flexmark\flexmark-util\0.34.30\flexmark-util-0.34.30.jar;C:\Users\jose_\.m2\repository\com\vladsch\flexmark\flexmark-youtrack-converter\0.34.30\flexmark-youtrack-converter-0.34.30.jar;C:\Users\jose_\.m2\repository\net\serenity-bdd\serenity-junit\2.0.91\serenity-junit-2.0.91.jar;C:\Users\jose_\.m2\repository\ch\qos\logback\logback-classic\1.0.13\logback-classic-1.0.13.jar;C:\Users\jose_\.m2\repository\ch\qos\logback\logback-core\1.0.13\logback-core-1.0.13.jar;C:\Users\jose_\.m2\repository\junit\junit\4.12\junit-4.12.jar;C:\Users\jose_\.m2\repository\org\assertj\assertj-core\3.6.2\assertj-core-3.6.2.jar;C:\Users\jose_\.m2\repository\org\hamcrest\hamcrest-all\1.3\hamcrest-all-1.3.jar;"/>
    <property name="sun.cpu.endian" value="little"/>
    <property name="user.home" value="C:\Users\jose_"/>
    <property name="user.language" value="es"/>
    <property name="java.specification.vendor" value="Oracle Corporation"/>
    <property name="java.version.date" value="2020-04-14"/>
    <property name="java.home" value="C:\Program Files\Java\jdk-14.0.1"/>
    <property name="file.separator" value="\"/>
    <property name="basedir" value="C:\Users\jose_\Desktop\serenity-junit-starter-master\serenity-junit-starter-master"/>
    <property name="java.vm.compressedOopsMode" value="Zero based"/>
    <property name="line.separator" value="&#10;"/>
    <property name="java.vm.specification.vendor" value="Oracle Corporation"/>
    <property name="java.specification.name" value="Java Platform API Specification"/>
    <property name="surefire.real.class.path" value="C:\Users\jose_\AppData\Local\Temp\surefire1165050625668311344\surefirebooter15156705644441919026.jar"/>
    <property name="user.script" value=""/>
    <property name="java.protocol.handler.pkgs" value="com.google.common"/>
    <property name="sun.management.compiler" value="HotSpot 64-Bit Tiered Compilers"/>
    <property name="java.runtime.version" value="14.0.1+7"/>
    <property name="user.name" value="jose_"/>
    <property name="path.separator" value=";"/>
    <property name="os.version" value="10.0"/>
    <property name="java.runtime.name" value="Java(TM) SE Runtime Environment"/>
    <property name="file.encoding" value="Cp1252"/>
    <property name="webdriver.base.url" value=""/>
    <property name="java.vm.name" value="Java HotSpot(TM) 64-Bit Server VM"/>
    <property name="localRepository" value="C:\Users\jose_\.m2\repository"/>
    <property name="java.vendor.url.bug" value="https://bugreport.java.com/bugreport/"/>
    <property name="java.io.tmpdir" value="C:\Users\jose_\AppData\Local\Temp\"/>
    <property name="java.version" value="14.0.1"/>
    <property name="user.dir" value="C:\Users\jose_\Desktop\serenity-junit-starter-master\serenity-junit-starter-master"/>
    <property name="os.arch" value="amd64"/>
    <property name="webdriver.gecko.driver" value="C:\Users\jose_\Desktop\serenity-junit-starter-master\serenity-junit-starter-master\src\test\resources\drivers\windows\geckodriver.exe"/>
    <property name="java.vm.specification.name" value="Java Virtual Machine Specification"/>
    <property name="sun.os.patch.level" value=""/>
    <property name="java.library.path" value="C:\Program Files\Java\jdk-14.0.1\bin;C:\Windows\Sun\Java\bin;C:\Windows\system32;C:\Windows;C:\Windows\system32;C:\Windows;C:\Windows\System32\Wbem;C:\Windows\System32\WindowsPowerShell\v1.0\;C:\Windows\System32\OpenSSH\;C:\Program Files (x86)\NVIDIA Corporation\PhysX\Common;C:\Program Files\NVIDIA Corporation\NVIDIA NvDLISR;C:\Program Files (x86)\apache-maven-3.6.3\bin;C:\Program Files\Java\jdk-14.0.1\bin;C:\Users\jose_\AppData\Local\Microsoft\WindowsApps;C:\Program Files\Java\jdk-14.0.1\bin;C:\Program Files (x86)\apache-maven-3.6.3\bin;;."/>
    <property name="java.vm.info" value="mixed mode, sharing"/>
    <property name="java.vendor" value="Oracle Corporation"/>
    <property name="java.vm.version" value="14.0.1+7"/>
    <property name="sun.io.unicode.encoding" value="UnicodeLittle"/>
    <property name="java.class.version" value="58.0"/>
  </properties>
  <testcase name="RedireccionServicioCliente" classname="testcases.TestCase33wPO" time="31.142">
    <error message="Expected condition failed: waiting for url to contain &quot;mail&quot;. Current url: &quot;https://www.choucairtesting.com/empleos-testing/&quot; (tried for 2 second(s) with 500 milliseconds interval)&#10;Build info: version: &apos;3.141.59&apos;, revision: &apos;e82be7d358&apos;, time: &apos;2018-11-14T08:17:03&apos;&#10;System info: host: &apos;LAPTOP-J5ITQK72&apos;, ip: &apos;192.168.0.20&apos;, os.name: &apos;Windows 10&apos;, os.arch: &apos;amd64&apos;, os.version: &apos;10.0&apos;, java.version: &apos;14.0.1&apos;&#10;Driver info: net.thucydides.core.webdriver.WebDriverFacade" type="org.openqa.selenium.TimeoutException">org.openqa.selenium.TimeoutException: 
Expected condition failed: waiting for url to contain "mail". Current url: "https://www.choucairtesting.com/empleos-testing/" (tried for 2 second(s) with 500 milliseconds interval)
Build info: version: '3.141.59', revision: 'e82be7d358', time: '2018-11-14T08:17:03'
System info: host: 'LAPTOP-J5ITQK72', ip: '192.168.0.20', os.name: 'Windows 10', os.arch: 'amd64', os.version: '10.0', java.version: '14.0.1'
Driver info: net.thucydides.core.webdriver.WebDriverFacade
	at testcases.TestCase33wPO.RedireccionServicioCliente(TestCase33wPO.java:43)
</error>
    <system-out><![CDATA[22:56:04.712 [pool-1-thread-4] ERROR n.t.c.steps.ConsoleLoggingListener - 
           __  _____ _____ ____ _____   _____ _    ___ _     _____ ____  
  _       / / |_   _| ____/ ___|_   _| |  ___/ \  |_ _| |   | ____|  _ \ 
 (_)_____| |    | | |  _| \___ \ | |   | |_ / _ \  | || |   |  _| | | | |
  _|_____| |    | | | |___ ___) || |   |  _/ ___ \ | || |___| |___| |_| |
 (_)     | |    |_| |_____|____/ |_|   |_|/_/   \_\___|_____|_____|____/ 
          \_\                                                            

TEST FAILED WITH ERROR: Redireccion servicio cliente
---------------------------------------------------------------------
22:56:04.713 [pool-1-thread-4] ERROR n.t.c.steps.ConsoleLoggingListener - Expected condition failed: waiting for url to contain "mail". Current url: "https://www.choucairtesting.com/empleos-testing/" (tried for 2 second(s) with 500 milliseconds interval)Build info: version: '3.141.59', revision: 'e82be7d358', time: '2018-11-14T08:17:03'System info: host: 'LAPTOP-J5ITQK72', ip: '192.168.0.20', os.name: 'Windows 10', os.arch: 'amd64', os.version: '10.0', java.version: '14.0.1'Driver info: net.thucydides.core.webdriver.WebDriverFacade
22:55:32.871 [pool-1-thread-4] INFO  n.t.c.steps.ConsoleLoggingListener - Test Suite Started: Test case33w PO
22:55:33.100 [pool-1-thread-4] INFO  n.t.c.steps.ConsoleLoggingListener - 
 _____ _____ ____ _____   ____ _____  _    ____ _____ _____ ____  
|_   _| ____/ ___|_   _| / ___|_   _|/ \  |  _ \_   _| ____|  _ \ 
  | | |  _| \___ \ | |   \___ \ | | / _ \ | |_) || | |  _| | | | |
  | | | |___ ___) || |    ___) || |/ ___ \|  _ < | | | |___| |_| |
  |_| |_____|____/ |_|   |____/ |_/_/   \_\_| \_\|_| |_____|____/ 
                                                                  

TEST STARTED: RedireccionServicioCliente
-------------------------------------------------------------------
22:55:33.100 [pool-1-thread-4] INFO  net.serenitybdd.core.Serenity - TEST NUMBER: 4
22:55:33.257 [pool-1-thread-4] INFO  n.s.c.w.d.ProvideNewDriver - Instantiating driver
22:55:33.257 [pool-1-thread-4] INFO  n.s.c.w.d.ProvideNewDriver - Driver capabilities: Capabilities {acceptInsecureCerts: false, browserName: chrome, goog:chromeOptions: {args: [], extensions: []}, loggingPrefs: org.openqa.selenium.logging..., platform: ANY, version: }
]]></system-out>
    <system-err><![CDATA[may. 03, 2020 10:55:33 P. M. org.openqa.selenium.remote.DesiredCapabilities chrome
INFO: Using `new ChromeOptions()` is preferred to `DesiredCapabilities.chrome()`
Starting ChromeDriver 81.0.4044.69 (6813546031a4bc83f717a2ef7cd4ac6ec1199132-refs/branch-heads/4044@{#776}) on port 33275
Only local connections are allowed.
Please protect ports used by ChromeDriver and related test frameworks to prevent access by malicious code.
may. 03, 2020 10:55:35 P. M. org.openqa.selenium.remote.ProtocolHandshake createSession
INFO: Detected dialect: W3C
[1588564541.116][SEVERE]: Timed out receiving message from renderer: 0.100
[1588564541.217][SEVERE]: Timed out receiving message from renderer: 0.100
[1588564541.318][SEVERE]: Timed out receiving message from renderer: 0.100
[1588564541.419][SEVERE]: Timed out receiving message from renderer: 0.100
[1588564541.521][SEVERE]: Timed out receiving message from renderer: 0.100
[1588564541.624][SEVERE]: Timed out receiving message from renderer: 0.100
[1588564541.725][SEVERE]: Timed out receiving message from renderer: 0.100
[1588564541.825][SEVERE]: Timed out receiving message from renderer: 0.100
[1588564541.927][SEVERE]: Timed out receiving message from renderer: 0.100
[1588564542.028][SEVERE]: Timed out receiving message from renderer: 0.100
[1588564542.129][SEVERE]: Timed out receiving message from renderer: 0.100
[1588564542.230][SEVERE]: Timed out receiving message from renderer: 0.100
[1588564542.331][SEVERE]: Timed out receiving message from renderer: 0.100
[1588564542.432][SEVERE]: Timed out receiving message from renderer: 0.100
[1588564542.532][SEVERE]: Timed out receiving message from renderer: 0.100
[1588564542.634][SEVERE]: Timed out receiving message from renderer: 0.100
[1588564542.736][SEVERE]: Timed out receiving message from renderer: 0.100
[1588564542.839][SEVERE]: Timed out receiving message from renderer: 0.100
[1588564542.941][SEVERE]: Timed out receiving message from renderer: 0.100
[1588564543.107][SEVERE]: Timed out receiving message from renderer: 0.100
[1588564543.208][SEVERE]: Timed out receiving message from renderer: 0.100
[1588564543.309][SEVERE]: Timed out receiving message from renderer: 0.100
[1588564543.410][SEVERE]: Timed out receiving message from renderer: 0.100
[1588564543.511][SEVERE]: Timed out receiving message from renderer: 0.100
[1588564543.612][SEVERE]: Timed out receiving message from renderer: 0.100
[1588564543.713][SEVERE]: Timed out receiving message from renderer: 0.100
[1588564543.961][SEVERE]: Timed out receiving message from renderer: 0.100
[1588564544.062][SEVERE]: Timed out receiving message from renderer: 0.100
[1588564544.165][SEVERE]: Timed out receiving message from renderer: 0.100
[1588564544.267][SEVERE]: Timed out receiving message from renderer: 0.100
[1588564544.370][SEVERE]: Timed out receiving message from renderer: 0.100
[1588564544.472][SEVERE]: Timed out receiving message from renderer: 0.100
[1588564544.658][SEVERE]: Timed out receiving message from renderer: 0.100
[1588564544.759][SEVERE]: Timed out receiving message from renderer: 0.100
[1588564544.860][SEVERE]: Timed out receiving message from renderer: 0.100
[1588564544.961][SEVERE]: Timed out receiving message from renderer: 0.100
[1588564545.062][SEVERE]: Timed out receiving message from renderer: 0.100
[1588564545.163][SEVERE]: Timed out receiving message from renderer: 0.100
[1588564545.264][SEVERE]: Timed out receiving message from renderer: 0.100
[1588564545.365][SEVERE]: Timed out receiving message from renderer: 0.100
[1588564545.466][SEVERE]: Timed out receiving message from renderer: 0.100
[1588564545.567][SEVERE]: Timed out receiving message from renderer: 0.100
[1588564545.668][SEVERE]: Timed out receiving message from renderer: 0.100
[1588564545.896][SEVERE]: Timed out receiving message from renderer: 0.100
[1588564546.044][SEVERE]: Timed out receiving message from renderer: 0.100
[1588564546.146][SEVERE]: Timed out receiving message from renderer: 0.100
[1588564546.246][SEVERE]: Timed out receiving message from renderer: 0.100
[1588564546.348][SEVERE]: Timed out receiving message from renderer: 0.100
[1588564546.449][SEVERE]: Timed out receiving message from renderer: 0.100
[1588564546.551][SEVERE]: Timed out receiving message from renderer: 0.100
[1588564546.652][SEVERE]: Timed out receiving message from renderer: 0.100
[1588564546.753][SEVERE]: Timed out receiving message from renderer: 0.100
[1588564546.854][SEVERE]: Timed out receiving message from renderer: 0.100
[1588564547.494][SEVERE]: Timed out receiving message from renderer: 0.100
[1588564547.597][SEVERE]: Timed out receiving message from renderer: 0.100
[1588564547.698][SEVERE]: Timed out receiving message from renderer: 0.100
[1588564547.813][SEVERE]: Timed out receiving message from renderer: 0.100
[1588564547.919][SEVERE]: Timed out receiving message from renderer: 0.100
[1588564548.021][SEVERE]: Timed out receiving message from renderer: 0.100
[1588564548.122][SEVERE]: Timed out receiving message from renderer: 0.100
[1588564548.223][SEVERE]: Timed out receiving message from renderer: 0.100
[1588564548.326][SEVERE]: Timed out receiving message from renderer: 0.100
[1588564548.427][SEVERE]: Timed out receiving message from renderer: 0.100
[1588564548.528][SEVERE]: Timed out receiving message from renderer: 0.100
[1588564548.629][SEVERE]: Timed out receiving message from renderer: 0.100
[1588564548.731][SEVERE]: Timed out receiving message from renderer: 0.100
[1588564548.898][SEVERE]: Timed out receiving message from renderer: 0.100
[1588564549.000][SEVERE]: Timed out receiving message from renderer: 0.100
[1588564549.100][SEVERE]: Timed out receiving message from renderer: 0.100
[1588564549.201][SEVERE]: Timed out receiving message from renderer: 0.100
[1588564549.303][SEVERE]: Timed out receiving message from renderer: 0.100
[1588564549.405][SEVERE]: Timed out receiving message from renderer: 0.100
[1588564549.506][SEVERE]: Timed out receiving message from renderer: 0.100
[1588564549.607][SEVERE]: Timed out receiving message from renderer: 0.100
[1588564549.708][SEVERE]: Timed out receiving message from renderer: 0.100
[1588564549.814][SEVERE]: Timed out receiving message from renderer: 0.100
[1588564549.915][SEVERE]: Timed out receiving message from renderer: 0.100
[1588564550.017][SEVERE]: Timed out receiving message from renderer: 0.100
[1588564550.118][SEVERE]: Timed out receiving message from renderer: 0.100
[1588564550.219][SEVERE]: Timed out receiving message from renderer: 0.100
[1588564550.322][SEVERE]: Timed out receiving message from renderer: 0.100
[1588564550.433][SEVERE]: Timed out receiving message from renderer: 0.100
[1588564550.534][SEVERE]: Timed out receiving message from renderer: 0.100
[1588564550.635][SEVERE]: Timed out receiving message from renderer: 0.100
[1588564550.736][SEVERE]: Timed out receiving message from renderer: 0.100
[1588564550.837][SEVERE]: Timed out receiving message from renderer: 0.100
[1588564550.938][SEVERE]: Timed out receiving message from renderer: 0.100
[1588564551.040][SEVERE]: Timed out receiving message from renderer: 0.100
[1588564551.141][SEVERE]: Timed out receiving message from renderer: 0.100
[1588564551.242][SEVERE]: Timed out receiving message from renderer: 0.100
[1588564551.344][SEVERE]: Timed out receiving message from renderer: 0.100
[1588564551.445][SEVERE]: Timed out receiving message from renderer: 0.100
[1588564551.548][SEVERE]: Timed out receiving message from renderer: 0.100
[1588564551.650][SEVERE]: Timed out receiving message from renderer: 0.100
[1588564551.751][SEVERE]: Timed out receiving message from renderer: 0.100
[1588564551.853][SEVERE]: Timed out receiving message from renderer: 0.100
[1588564551.954][SEVERE]: Timed out receiving message from renderer: 0.100
[1588564552.056][SEVERE]: Timed out receiving message from renderer: 0.100
[1588564552.157][SEVERE]: Timed out receiving message from renderer: 0.100
[1588564552.259][SEVERE]: Timed out receiving message from renderer: 0.100
[1588564552.361][SEVERE]: Timed out receiving message from renderer: 0.100
[1588564552.462][SEVERE]: Timed out receiving message from renderer: 0.100
[1588564552.563][SEVERE]: Timed out receiving message from renderer: 0.100
[1588564552.665][SEVERE]: Timed out receiving message from renderer: 0.100
[1588564552.767][SEVERE]: Timed out receiving message from renderer: 0.100
[1588564552.882][SEVERE]: Timed out receiving message from renderer: 0.100
[1588564552.985][SEVERE]: Timed out receiving message from renderer: 0.100
[1588564553.087][SEVERE]: Timed out receiving message from renderer: 0.100
[1588564553.230][SEVERE]: Timed out receiving message from renderer: 0.100
[1588564553.331][SEVERE]: Timed out receiving message from renderer: 0.100
[1588564553.433][SEVERE]: Timed out receiving message from renderer: 0.100
[1588564553.534][SEVERE]: Timed out receiving message from renderer: 0.100
[1588564553.637][SEVERE]: Timed out receiving message from renderer: 0.100
[1588564553.738][SEVERE]: Timed out receiving message from renderer: 0.100
[1588564553.839][SEVERE]: Timed out receiving message from renderer: 0.100
[1588564553.940][SEVERE]: Timed out receiving message from renderer: 0.100
[1588564554.042][SEVERE]: Timed out receiving message from renderer: 0.100
[1588564554.143][SEVERE]: Timed out receiving message from renderer: 0.100
[1588564554.244][SEVERE]: Timed out receiving message from renderer: 0.100
[1588564554.345][SEVERE]: Timed out receiving message from renderer: 0.100
[1588564554.446][SEVERE]: Timed out receiving message from renderer: 0.100
[1588564554.547][SEVERE]: Timed out receiving message from renderer: 0.100
[1588564554.667][SEVERE]: Timed out receiving message from renderer: 0.100
[1588564554.794][SEVERE]: Timed out receiving message from renderer: 0.100
[1588564554.899][SEVERE]: Timed out receiving message from renderer: 0.100
[1588564555.222][SEVERE]: Timed out receiving message from renderer: 0.100
[1588564555.388][SEVERE]: Timed out receiving message from renderer: 0.100
[1588564555.489][SEVERE]: Timed out receiving message from renderer: 0.100
[1588564555.591][SEVERE]: Timed out receiving message from renderer: 0.100
[1588564555.742][SEVERE]: Timed out receiving message from renderer: 0.100
[1588564555.945][SEVERE]: Timed out receiving message from renderer: 0.100
[1588564556.156][SEVERE]: Timed out receiving message from renderer: 0.100
[1588564556.358][SEVERE]: Timed out receiving message from renderer: 0.100
[1588564556.460][SEVERE]: Timed out receiving message from renderer: 0.100
[1588564556.561][SEVERE]: Timed out receiving message from renderer: 0.100
[1588564556.662][SEVERE]: Timed out receiving message from renderer: 0.100
[1588564556.763][SEVERE]: Timed out receiving message from renderer: 0.100
[1588564556.864][SEVERE]: Timed out receiving message from renderer: 0.100
[1588564556.966][SEVERE]: Timed out receiving message from renderer: 0.100
[1588564557.067][SEVERE]: Timed out receiving message from renderer: 0.100
[1588564557.168][SEVERE]: Timed out receiving message from renderer: 0.100
[1588564557.269][SEVERE]: Timed out receiving message from renderer: 0.100
[1588564557.370][SEVERE]: Timed out receiving message from renderer: 0.100
[1588564559.941][SEVERE]: Timed out receiving message from renderer: 0.100
[1588564560.181][SEVERE]: Timed out receiving message from renderer: 0.100
[1588564560.509][SEVERE]: Timed out receiving message from renderer: 0.100
[1588564560.610][SEVERE]: Timed out receiving message from renderer: 0.100
[1588564560.711][SEVERE]: Timed out receiving message from renderer: 0.100
]]></system-err>
  </testcase>
</testsuite>